Output do Job 227
[compute00.hpcnet:02474] pmix_mca_base_component_repository_open: unable to open mca_pnet_opa: libpsm2.so.2: cannot open shared object file: No such file or directory (ignored)
[compute00.hpcnet:02474] mca_base_component_repository_open: unable to open mca_oob_ud: libosmcomp.so.3: cannot open shared object file: No such file or directory (ignored)
[compute00.hpcnet:02473] pmix_mca_base_component_repository_open: unable to open mca_pnet_opa: libpsm2.so.2: cannot open shared object file: No such file or directory (ignored)
[compute00.hpcnet:02473] mca_base_component_repository_open: unable to open mca_oob_ud: libosmcomp.so.3: cannot open shared object file: No such file or directory (ignored)
[compute00.hpcnet:02473] mca_base_component_repository_open: unable to open mca_btl_openib: librdmacm.so.1: cannot open shared object file: No such file or directory (ignored)
[compute00.hpcnet:02473] mca_base_component_repository_open: unable to open mca_mtl_psm: libpsm_infinipath.so.1: cannot open shared object file: No such file or directory (ignored)
[compute00.hpcnet:02473] mca_base_component_repository_open: unable to open mca_mtl_psm2: libpsm2.so.2: cannot open shared object file: No such file or directory (ignored)
0 1 1 0 0 1 1 1 1 1 0 0 0 1 1 1 1 0 0 1 
1 0 1 1 0 1 1 1 1 1 1 1 1 1 0 0 0 0 1 1 
1 1 0 0 0 1 1 1 1 0 1 1 1 0 1 1 1 1 1 1 
0 1 0 0 1 0 1 0 0 1 1 1 1 0 1 1 1 0 0 1 
0 0 0 1 0 0 1 1 1 1 0 1 0 1 0 1 1 0 0 1 
1 1 1 0 0 0 0 0 1 1 1 1 1 1 1 0 1 1 1 1 
1 1 1 1 1 0 0 0 1 1 0 1 1 0 1 1 1 1 1 1 
1 1 1 0 1 0 0 0 1 0 0 1 1 0 1 1 1 0 1 0 
1 1 1 0 1 1 1 1 0 1 1 1 1 1 1 1 0 1 1 0 
1 1 0 1 1 1 1 0 1 0 1 1 1 1 1 1 1 1 1 1 
0 1 1 1 0 1 0 0 1 1 0 0 1 1 1 0 0 1 1 1 
0 1 1 1 1 1 1 1 1 1 0 0 0 1 0 1 0 1 1 1 
0 1 1 1 0 1 1 1 1 1 1 0 0 1 0 1 0 1 1 0 
1 1 0 0 1 1 0 0 1 1 1 1 1 0 0 0 1 1 0 1 
1 0 1 1 0 1 1 1 1 1 1 0 0 0 0 0 1 1 0 1 
1 0 1 1 1 0 1 1 1 1 0 1 1 0 0 0 0 0 0 0 
1 0 1 1 1 1 1 1 0 1 0 0 0 1 1 0 0 1 1 1 
0 0 1 0 0 1 1 0 1 1 1 1 1 1 1 0 1 0 1 1 
0 1 1 0 0 1 1 1 1 1 1 1 1 0 0 0 1 1 0 1 
1 1 1 1 1 1 1 0 0 1 1 1 0 1 1 0 1 1 1 0 
Processo 0 processa vértices de 1 a 20
Clique máxima: 6 9 16 17 18 19 
Tempo de execução: 5.8304e-05s
Tamanhos locais: 6 
