Output do Job 281
[compute00.hpcnet:04441] pmix_mca_base_component_repository_open: unable to open mca_pnet_opa: libpsm2.so.2: cannot open shared object file: No such file or directory (ignored)
[compute00.hpcnet:04441] mca_base_component_repository_open: unable to open mca_oob_ud: libosmcomp.so.3: cannot open shared object file: No such file or directory (ignored)
[compute00.hpcnet:04440] pmix_mca_base_component_repository_open: unable to open mca_pnet_opa: libpsm2.so.2: cannot open shared object file: No such file or directory (ignored)
[compute00.hpcnet:04440] mca_base_component_repository_open: unable to open mca_oob_ud: libosmcomp.so.3: cannot open shared object file: No such file or directory (ignored)
[compute00.hpcnet:04440] mca_base_component_repository_open: unable to open mca_btl_openib: librdmacm.so.1: cannot open shared object file: No such file or directory (ignored)
[compute00.hpcnet:04440] mca_base_component_repository_open: unable to open mca_mtl_psm: libpsm_infinipath.so.1: cannot open shared object file: No such file or directory (ignored)
[compute00.hpcnet:04440] mca_base_component_repository_open: unable to open mca_mtl_psm2: libpsm2.so.2: cannot open shared object file: No such file or directory (ignored)
0 1 1 0 1 1 0 1 1 1 1 1 1 0 0 
1 0 1 1 1 0 1 1 1 1 1 1 0 0 1 
1 1 0 1 1 1 1 0 1 1 1 1 0 1 1 
0 1 1 0 1 1 1 1 1 1 1 1 0 1 1 
1 1 1 1 0 1 1 1 0 0 0 1 0 1 0 
1 0 1 1 1 0 1 1 1 0 1 0 0 1 0 
0 1 1 1 1 1 0 1 1 1 1 1 0 1 0 
1 1 0 1 1 1 1 0 0 0 0 1 1 0 1 
1 1 1 1 0 1 1 0 0 1 1 0 1 0 1 
1 1 1 1 0 0 1 0 1 0 0 1 1 1 1 
1 1 1 1 0 1 1 0 1 0 0 1 1 1 0 
1 1 1 1 1 0 1 1 0 1 1 0 1 1 0 
1 0 0 0 0 0 0 1 1 1 1 1 0 1 0 
0 0 1 1 1 1 1 0 0 1 1 1 1 0 0 
0 1 1 1 0 0 0 1 1 1 0 0 0 0 0 
Processo 0 processa vértices de 1 a 15
Clique máxima (MPI): 1 2 3 8 9 14 
Tempo de execução: 3.0694e-05s
